Arguments: 
  /usr/local/bin/node /usr/share/yarn/bin/yarn.js bundle

PATH: 
  /home/tzm/.rbenv/shims/:/home/tzm/.cargo/bin:/home/tzm/.local/bin:/home/tzm/bin:/usr/local/sbin:/usr/local/bin:/usr/sbin:/usr/bin:/sbin:/bin:/usr/games:/usr/local/games:/snap/bin:/home/tzm/.dotnet/tools

Yarn version: 
  1.22.17

Node version: 
  12.18.2

Platform: 
  linux x64

Trace: 
  SyntaxError: /home/tzm/github/atcoder-easy-test/v2/package.json: Unexpected token < in JSON at position 33
      at JSON.parse (<anonymous>)
      at /usr/share/yarn/lib/cli.js:1625:59
      at Generator.next (<anonymous>)
      at step (/usr/share/yarn/lib/cli.js:310:30)
      at /usr/share/yarn/lib/cli.js:321:13

npm manifest: 
  {
    "name": "atcoder-easy-test",
  <<<<<<< HEAD
    "version": "2.9.14",
  =======
    "version": "2.10.0",
  >>>>>>> atcoder-submit
    "description": "Make testing sample cases easy",
    "main": "index.js",
    "repository": "https://github.com/magurofly/atcoder-easy-test.git",
    "author": "magurofly",
    "license": "MIT",
    "scripts": {
      "bundle": "rollup -c",
      "test": "jest"
    },
    "devDependencies": {
      "@types/jest": "^27.0.2",
      "@typescript-eslint/eslint-plugin": "^4.31.2",
      "@typescript-eslint/parser": "^4.31.2",
      "eslint": "^7.32.0",
      "eslint-config-prettier": "^8.3.0",
      "eslint-plugin-prettier": "^4.0.0",
      "jest": "^27.2.1",
      "prettier": "^2.4.1",
      "rollup": "^2.56.3",
      "rollup-plugin-html": "^0.2.1",
      "rollup-plugin-jscc": "^2.0.0",
      "rollup-plugin-typescript": "^1.0.1",
      "ts-jest": "^27.0.5",
      "typescript": "^4.4.3"
    },
    "bugs": {
      "url": "https://github.com/magurofly/atcoder-easy-test/"
    },
    "config": {}
  }

yarn manifest: 
  No manifest

Lockfile: 
  No lockfile
